<?xml version="1.0" encoding="UTF-8"?>
<robot generator="Robot 5.0.1 (Python 3.9.10 on darwin)" generated="20221013 14:03:45.828" rpa="false" schemaversion="3">
<suite id="s1" name="Test" source="/Users/martinowsiejew-albanowicz/PycharmProjects/RobotFramework/test_cases/test.robot">
<test id="s1-t1" name="Testing log in to account with fals data" line="9">
<kw name="open browser to start" library="commonFunctionality" type="SETUP">
<kw name="Open Browser" library="SeleniumLibrary">
<arg>${url}</arg>
<arg>${browesr}</arg>
<doc>Opens a new browser instance to the optional ``url``.</doc>
<msg timestamp="20221013 14:03:46.004" level="INFO">Opening browser 'chrome' to base url 'https://tibiopedia.pl/setup'.</msg>
<status status="PASS" starttime="20221013 14:03:46.003" endtime="20221013 14:03:48.812"/>
</kw>
<status status="PASS" starttime="20221013 14:03:46.003" endtime="20221013 14:03:48.812"/>
</kw>
<kw name="enter to web site" library="mainPage">
<kw name="Click Element" library="SeleniumLibrary">
<arg>${flagPl}</arg>
<doc>Click the element identified by ``locator``.</doc>
<msg timestamp="20221013 14:03:48.814" level="INFO">Clicking element 'id:flagPl'.</msg>
<status status="PASS" starttime="20221013 14:03:48.813" endtime="20221013 14:03:48.849"/>
</kw>
<kw name="Click Element" library="SeleniumLibrary">
<arg>${enterButton}</arg>
<doc>Click the element identified by ``locator``.</doc>
<msg timestamp="20221013 14:03:48.850" level="INFO">Clicking element 'id:enter_button'.</msg>
<status status="PASS" starttime="20221013 14:03:48.850" endtime="20221013 14:03:53.711"/>
</kw>
<kw name="Title Should Be" library="SeleniumLibrary">
<arg>Newsy: Aktualności - Tibia ~ Tibiopedia.pl</arg>
<doc>Verifies that the current page title equals ``title``.</doc>
<msg timestamp="20221013 14:03:53.717" level="INFO">Page title is 'Newsy: Aktualności - Tibia ~ Tibiopedia.pl'.</msg>
<status status="PASS" starttime="20221013 14:03:53.711" endtime="20221013 14:03:53.718"/>
</kw>
<status status="PASS" starttime="20221013 14:03:48.813" endtime="20221013 14:03:53.718"/>
</kw>
<kw name="go to login page" library="mainPage">
<kw name="Click Element" library="SeleniumLibrary">
<arg>${login}</arg>
<doc>Click the element identified by ``locator``.</doc>
<msg timestamp="20221013 14:03:53.719" level="INFO">Clicking element 'name:login'.</msg>
<status status="PASS" starttime="20221013 14:03:53.718" endtime="20221013 14:03:53.787"/>
</kw>
<status status="PASS" starttime="20221013 14:03:53.718" endtime="20221013 14:03:53.788"/>
</kw>
<kw name="enter login and password and submit" library="loginPage">
<kw name="Title Should Be" library="SeleniumLibrary">
<arg>Logowanie - Tibia ~ Tibiopedia.pl</arg>
<doc>Verifies that the current page title equals ``title``.</doc>
<msg timestamp="20221013 14:03:54.275" level="INFO">Page title is 'Logowanie - Tibia ~ Tibiopedia.pl'.</msg>
<status status="PASS" starttime="20221013 14:03:53.789" endtime="20221013 14:03:54.275"/>
</kw>
<kw name="Input Text" library="SeleniumLibrary">
<arg>${username}</arg>
<arg>Test@op.pl</arg>
<doc>Types the given ``text`` into the text field identified by ``locator``.</doc>
<msg timestamp="20221013 14:03:54.276" level="INFO">Typing text 'Test@op.pl' into text field 'name:username'.</msg>
<status status="PASS" starttime="20221013 14:03:54.275" endtime="20221013 14:03:54.373"/>
</kw>
<kw name="Input Text" library="SeleniumLibrary">
<arg>${password}</arg>
<arg>tibia1233</arg>
<doc>Types the given ``text`` into the text field identified by ``locator``.</doc>
<msg timestamp="20221013 14:03:54.374" level="INFO">Typing text 'tibia1233' into text field 'name:password'.</msg>
<status status="PASS" starttime="20221013 14:03:54.374" endtime="20221013 14:03:54.616"/>
</kw>
<kw name="Click Element" library="SeleniumLibrary">
<arg>${submit}</arg>
<doc>Click the element identified by ``locator``.</doc>
<msg timestamp="20221013 14:03:54.616" level="INFO">Clicking element 'name:submit'.</msg>
<status status="PASS" starttime="20221013 14:03:54.616" endtime="20221013 14:03:55.036"/>
</kw>
<status status="PASS" starttime="20221013 14:03:53.788" endtime="20221013 14:03:55.036"/>
</kw>
<kw name="Wait Until Page Contains" library="SeleniumLibrary">
<arg>Błędna nazwa użytkownika lub hasło.</arg>
<doc>Waits until ``text`` appears on the current page.</doc>
<status status="PASS" starttime="20221013 14:03:55.036" endtime="20221013 14:03:55.047"/>
</kw>
<kw name="close browser to end" library="commonFunctionality" type="TEARDOWN">
<kw name="Close Browser" library="SeleniumLibrary">
<doc>Closes the current browser.</doc>
<status status="PASS" starttime="20221013 14:03:55.048" endtime="20221013 14:03:55.234"/>
</kw>
<status status="PASS" starttime="20221013 14:03:55.047" endtime="20221013 14:03:55.235"/>
</kw>
<doc>Test to log in to account on website</doc>
<tag>Functional</tag>
<status status="PASS" starttime="20221013 14:03:46.002" endtime="20221013 14:03:55.235"/>
</test>
<status status="PASS" starttime="20221013 14:03:45.829" endtime="20221013 14:03:55.236"/>
</suite>
<statistics>
<total>
<stat pass="1" fail="0" skip="0">All Tests</stat>
</total>
<tag>
<stat pass="1" fail="0" skip="0">Functional</stat>
</tag>
<suite>
<stat pass="1" fail="0" skip="0" id="s1" name="Test">Test</stat>
</suite>
</statistics>
<errors>
</errors>
</robot>
